<?xml version="1.0" encoding="UTF-8"?>
<!-- Generated by org.testng.reporters.JUnitReportReporter -->
<testsuite hostname="PC-20140707TKKZ" name="com.test.testcases.IllegalLogin" tests="1" failures="0" timestamp="19 Nov 2015 16:25:57 GMT" time="5.102" errors="0">
  <testcase name="testIllegalLogin" time="5.102" classname="com.test.testcases.IllegalLogin"/>
</testsuite> <!-- com.test.testcases.IllegalLogin -->
