<?xml version="1.0" encoding="UTF-8"?>
<!-- Generated by org.testng.reporters.JUnitReportReporter -->
<testsuite hostname="PC-20140707TKKZ" name="com.test.testcases.Login" tests="1" failures="0" timestamp="19 Nov 2015 16:25:57 GMT" time="8.347" errors="0">
  <testcase name="testLogin" time="8.347" classname="com.test.testcases.Login"/>
</testsuite> <!-- com.test.testcases.Login -->
