<?xml version="1.0" encoding="UTF-8"?>
<!-- Generated by org.testng.reporters.JUnitReportReporter -->
<testsuite hostname="PC-20140707TKKZ" name="com.test.testcases.Qingjia" tests="1" failures="0" timestamp="19 Nov 2015 16:25:57 GMT" time="22.261" errors="0">
  <testcase name="testQingjia" time="22.261" classname="com.test.testcases.Qingjia"/>
</testsuite> <!-- com.test.testcases.Qingjia -->
