<?xml version="1.0" encoding="UTF-8"?>
<!-- Generated by org.testng.reporters.JUnitReportReporter -->
<testsuite hostname="PC-20140707TKKZ" name="com.test.testcases.EditUser" tests="1" failures="0" timestamp="19 Nov 2015 16:25:57 GMT" time="16.521" errors="0">
  <testcase name="testEditUser" time="16.521" classname="com.test.testcases.EditUser"/>
</testsuite> <!-- com.test.testcases.EditUser -->
